{"C:\\Users\\rafae\\Desktop\\ReactJs_NextJs\\project1\\src\\index.js": {"path":"C:\\Users\\rafae\\Desktop\\ReactJs_NextJs\\project1\\src\\index.js","statementMap":{"0":{"start":{"line":6,"column":0},"end":{"line":11,"column":2}}},"fnMap":{},"branchMap":{},"s":{"0":0},"f":{},"b":{}}
,"C:\\Users\\rafae\\Desktop\\ReactJs_NextJs\\project1\\src\\components\\Button\\index.jsx": {"path":"C:\\Users\\rafae\\Desktop\\ReactJs_NextJs\\project1\\src\\components\\Button\\index.jsx","statementMap":{"0":{"start":{"line":5,"column":22},"end":{"line":9,"column":1}},"1":{"start":{"line":6,"column":2},"end":{"line":8,"column":11}},"2":{"start":{"line":11,"column":0},"end":{"line":13,"column":2}},"3":{"start":{"line":15,"column":0},"end":{"line":19,"column":2}}},"fnMap":{"0":{"name":"(anonymous_0)","decl":{"start":{"line":5,"column":22},"end":{"line":5,"column":23}},"loc":{"start":{"line":6,"column":2},"end":{"line":8,"column":11}},"line":6}},"branchMap":{"0":{"loc":{"start":{"line":5,"column":40},"end":{"line":5,"column":56}},"type":"default-arg","locations":[{"start":{"line":5,"column":51},"end":{"line":5,"column":56}}],"line":5}},"s":{"0":3,"1":15,"2":3,"3":3},"f":{"0":15},"b":{"0":[0]},"_coverageSchema":"1a1c01bbd47fc00a2c39e90264f33305004495a9","hash":"1c7cf323e0eadb53963d556cccabda6563dadbe6"}
,"C:\\Users\\rafae\\Desktop\\ReactJs_NextJs\\project1\\src\\components\\PostCard\\index.jsx": {"path":"C:\\Users\\rafae\\Desktop\\ReactJs_NextJs\\project1\\src\\components\\PostCard\\index.jsx","statementMap":{"0":{"start":{"line":4,"column":24},"end":{"line":14,"column":1}},"1":{"start":{"line":5,"column":2},"end":{"line":13,"column":8}},"2":{"start":{"line":16,"column":0},"end":{"line":21,"column":2}}},"fnMap":{"0":{"name":"(anonymous_0)","decl":{"start":{"line":4,"column":24},"end":{"line":4,"column":25}},"loc":{"start":{"line":5,"column":2},"end":{"line":13,"column":8}},"line":5}},"branchMap":{},"s":{"0":3,"1":22,"2":3},"f":{"0":22},"b":{},"_coverageSchema":"1a1c01bbd47fc00a2c39e90264f33305004495a9","hash":"82ed340eaf8ef11b0edc87dc02884bc447388b9d"}
,"C:\\Users\\rafae\\Desktop\\ReactJs_NextJs\\project1\\src\\components\\Posts\\index.jsx": {"path":"C:\\Users\\rafae\\Desktop\\ReactJs_NextJs\\project1\\src\\components\\Posts\\index.jsx","statementMap":{"0":{"start":{"line":5,"column":21},"end":{"line":17,"column":1}},"1":{"start":{"line":6,"column":2},"end":{"line":16,"column":8}},"2":{"start":{"line":8,"column":6},"end":{"line":14,"column":8}},"3":{"start":{"line":19,"column":0},"end":{"line":21,"column":2}},"4":{"start":{"line":23,"column":0},"end":{"line":25,"column":2}}},"fnMap":{"0":{"name":"(anonymous_0)","decl":{"start":{"line":5,"column":21},"end":{"line":5,"column":22}},"loc":{"start":{"line":6,"column":2},"end":{"line":16,"column":8}},"line":6},"1":{"name":"(anonymous_1)","decl":{"start":{"line":7,"column":15},"end":{"line":7,"column":16}},"loc":{"start":{"line":8,"column":6},"end":{"line":14,"column":8}},"line":8}},"branchMap":{"0":{"loc":{"start":{"line":5,"column":24},"end":{"line":5,"column":34}},"type":"default-arg","locations":[{"start":{"line":5,"column":32},"end":{"line":5,"column":34}}],"line":5}},"s":{"0":3,"1":11,"2":22,"3":3,"4":3},"f":{"0":11,"1":22},"b":{"0":[0]},"_coverageSchema":"1a1c01bbd47fc00a2c39e90264f33305004495a9","hash":"16ce3c0fcfc5803dcf6f9371d868d5aa3dbb9e01"}
,"C:\\Users\\rafae\\Desktop\\ReactJs_NextJs\\project1\\src\\components\\TextInput\\index.jsx": {"path":"C:\\Users\\rafae\\Desktop\\ReactJs_NextJs\\project1\\src\\components\\TextInput\\index.jsx","statementMap":{"0":{"start":{"line":4,"column":25},"end":{"line":14,"column":1}},"1":{"start":{"line":5,"column":2},"end":{"line":13,"column":4}},"2":{"start":{"line":16,"column":0},"end":{"line":19,"column":2}}},"fnMap":{"0":{"name":"(anonymous_0)","decl":{"start":{"line":4,"column":25},"end":{"line":4,"column":26}},"loc":{"start":{"line":4,"column":60},"end":{"line":14,"column":1}},"line":4}},"branchMap":{},"s":{"0":2,"1":11,"2":2},"f":{"0":11},"b":{},"_coverageSchema":"1a1c01bbd47fc00a2c39e90264f33305004495a9","hash":"33746b2e44bce25e82056151ce8aba4fdbacad1b"}
,"C:\\Users\\rafae\\Desktop\\ReactJs_NextJs\\project1\\src\\templates\\Home\\index.jsx": {"path":"C:\\Users\\rafae\\Desktop\\ReactJs_NextJs\\project1\\src\\templates\\Home\\index.jsx","statementMap":{"0":{"start":{"line":8,"column":20},"end":{"line":68,"column":1}},"1":{"start":{"line":9,"column":28},"end":{"line":9,"column":40}},"2":{"start":{"line":10,"column":34},"end":{"line":10,"column":46}},"3":{"start":{"line":11,"column":26},"end":{"line":11,"column":37}},"4":{"start":{"line":12,"column":25},"end":{"line":12,"column":36}},"5":{"start":{"line":13,"column":40},"end":{"line":13,"column":52}},"6":{"start":{"line":15,"column":26},"end":{"line":19,"column":8}},"7":{"start":{"line":16,"column":27},"end":{"line":16,"column":44}},"8":{"start":{"line":17,"column":4},"end":{"line":17,"column":55}},"9":{"start":{"line":18,"column":4},"end":{"line":18,"column":32}},"10":{"start":{"line":21,"column":2},"end":{"line":24,"column":38}},"11":{"start":{"line":22,"column":4},"end":{"line":22,"column":52}},"12":{"start":{"line":23,"column":4},"end":{"line":23,"column":37}},"13":{"start":{"line":26,"column":2},"end":{"line":28,"column":38}},"14":{"start":{"line":27,"column":4},"end":{"line":27,"column":37}},"15":{"start":{"line":30,"column":24},"end":{"line":36,"column":3}},"16":{"start":{"line":31,"column":21},"end":{"line":31,"column":40}},"17":{"start":{"line":32,"column":22},"end":{"line":32,"column":71}},"18":{"start":{"line":33,"column":4},"end":{"line":33,"column":29}},"19":{"start":{"line":34,"column":4},"end":{"line":34,"column":20}},"20":{"start":{"line":35,"column":4},"end":{"line":35,"column":22}},"21":{"start":{"line":38,"column":23},"end":{"line":41,"column":3}},"22":{"start":{"line":39,"column":22},"end":{"line":39,"column":30}},"23":{"start":{"line":40,"column":4},"end":{"line":40,"column":26}},"24":{"start":{"line":43,"column":22},"end":{"line":43,"column":60}},"25":{"start":{"line":44,"column":24},"end":{"line":48,"column":11}},"26":{"start":{"line":46,"column":8},"end":{"line":46,"column":76}},"27":{"start":{"line":49,"column":2},"end":{"line":67,"column":4}}},"fnMap":{"0":{"name":"(anonymous_0)","decl":{"start":{"line":8,"column":20},"end":{"line":8,"column":21}},"loc":{"start":{"line":8,"column":26},"end":{"line":68,"column":1}},"line":8},"1":{"name":"(anonymous_1)","decl":{"start":{"line":15,"column":38},"end":{"line":15,"column":39}},"loc":{"start":{"line":15,"column":68},"end":{"line":19,"column":3}},"line":15},"2":{"name":"(anonymous_2)","decl":{"start":{"line":21,"column":12},"end":{"line":21,"column":13}},"loc":{"start":{"line":21,"column":18},"end":{"line":24,"column":3}},"line":21},"3":{"name":"(anonymous_3)","decl":{"start":{"line":26,"column":12},"end":{"line":26,"column":13}},"loc":{"start":{"line":26,"column":18},"end":{"line":28,"column":3}},"line":26},"4":{"name":"(anonymous_4)","decl":{"start":{"line":30,"column":24},"end":{"line":30,"column":25}},"loc":{"start":{"line":30,"column":30},"end":{"line":36,"column":3}},"line":30},"5":{"name":"(anonymous_5)","decl":{"start":{"line":38,"column":23},"end":{"line":38,"column":24}},"loc":{"start":{"line":38,"column":30},"end":{"line":41,"column":3}},"line":38},"6":{"name":"(anonymous_6)","decl":{"start":{"line":45,"column":22},"end":{"line":45,"column":23}},"loc":{"start":{"line":45,"column":32},"end":{"line":47,"column":7}},"line":45}},"branchMap":{"0":{"loc":{"start":{"line":44,"column":24},"end":{"line":48,"column":11}},"type":"cond-expr","locations":[{"start":{"line":45,"column":6},"end":{"line":47,"column":8}},{"start":{"line":48,"column":6},"end":{"line":48,"column":11}}],"line":44},"1":{"loc":{"start":{"line":52,"column":9},"end":{"line":52,"column":62}},"type":"binary-expr","locations":[{"start":{"line":52,"column":9},"end":{"line":52,"column":22}},{"start":{"line":52,"column":26},"end":{"line":52,"column":62}}],"line":52},"2":{"loc":{"start":{"line":55,"column":7},"end":{"line":55,"column":66}},"type":"binary-expr","locations":[{"start":{"line":55,"column":7},"end":{"line":55,"column":31}},{"start":{"line":55,"column":35},"end":{"line":55,"column":66}}],"line":55},"3":{"loc":{"start":{"line":56,"column":7},"end":{"line":56,"column":64}},"type":"binary-expr","locations":[{"start":{"line":56,"column":7},"end":{"line":56,"column":33}},{"start":{"line":56,"column":37},"end":{"line":56,"column":64}}],"line":56},"4":{"loc":{"start":{"line":58,"column":9},"end":{"line":64,"column":9}},"type":"binary-expr","locations":[{"start":{"line":58,"column":9},"end":{"line":58,"column":21}},{"start":{"line":59,"column":10},"end":{"line":63,"column":12}}],"line":58}},"s":{"0":2,"1":12,"2":11,"3":11,"4":11,"5":11,"6":11,"7":6,"8":5,"9":5,"10":11,"11":3,"12":3,"13":11,"14":3,"15":11,"16":0,"17":0,"18":0,"19":0,"20":0,"21":11,"22":0,"23":0,"24":11,"25":11,"26":0,"27":11},"f":{"0":12,"1":6,"2":3,"3":3,"4":0,"5":0,"6":0},"b":{"0":[0,11],"1":[11,0],"2":[11,8],"3":[11,3],"4":[11,11]},"_coverageSchema":"1a1c01bbd47fc00a2c39e90264f33305004495a9","hash":"ed5e1f5ad75c8489b5e9ad4a7cd09a7da6983952"}
,"C:\\Users\\rafae\\Desktop\\ReactJs_NextJs\\project1\\src\\templates\\Home\\indexAntigo.jsx": {"path":"C:\\Users\\rafae\\Desktop\\ReactJs_NextJs\\project1\\src\\templates\\Home\\indexAntigo.jsx","statementMap":{},"fnMap":{},"branchMap":{},"s":{},"f":{},"b":{}}
,"C:\\Users\\rafae\\Desktop\\ReactJs_NextJs\\project1\\src\\utils\\load-posts.js": {"path":"C:\\Users\\rafae\\Desktop\\ReactJs_NextJs\\project1\\src\\utils\\load-posts.js","statementMap":{"0":{"start":{"line":1,"column":25},"end":{"line":16,"column":1}},"1":{"start":{"line":2,"column":23},"end":{"line":2,"column":74}},"2":{"start":{"line":6,"column":25},"end":{"line":6,"column":77}},"3":{"start":{"line":8,"column":26},"end":{"line":8,"column":75}},"4":{"start":{"line":9,"column":20},"end":{"line":9,"column":38}},"5":{"start":{"line":10,"column":21},"end":{"line":10,"column":40}},"6":{"start":{"line":12,"column":24},"end":{"line":14,"column":4}},"7":{"start":{"line":13,"column":4},"end":{"line":13,"column":53}},"8":{"start":{"line":15,"column":2},"end":{"line":15,"column":23}}},"fnMap":{"0":{"name":"(anonymous_0)","decl":{"start":{"line":1,"column":25},"end":{"line":1,"column":26}},"loc":{"start":{"line":1,"column":37},"end":{"line":16,"column":1}},"line":1},"1":{"name":"(anonymous_1)","decl":{"start":{"line":12,"column":38},"end":{"line":12,"column":39}},"loc":{"start":{"line":12,"column":55},"end":{"line":14,"column":3}},"line":12}},"branchMap":{},"s":{"0":2,"1":6,"2":6,"3":6,"4":6,"5":6,"6":5,"7":15,"8":5},"f":{"0":6,"1":15},"b":{},"_coverageSchema":"1a1c01bbd47fc00a2c39e90264f33305004495a9","hash":"444c7e33b0079773189f7163f7a5ebd048df1f84"}
}
