TN:
SF:src\index.js
FNF:0
FNH:0
DA:6,0
LF:1
LH:0
BRF:0
BRH:0
end_of_record
TN:
SF:src\components\Button\index.jsx
FN:5,(anonymous_0)
FNF:1
FNH:1
FNDA:15,(anonymous_0)
DA:5,3
DA:6,15
DA:11,3
DA:15,3
LF:4
LH:4
BRDA:5,0,0,0
BRF:1
BRH:0
end_of_record
TN:
SF:src\components\PostCard\index.jsx
FN:4,(anonymous_0)
FNF:1
FNH:1
FNDA:22,(anonymous_0)
DA:4,3
DA:5,22
DA:16,3
LF:3
LH:3
BRF:0
BRH:0
end_of_record
TN:
SF:src\components\Posts\index.jsx
FN:5,(anonymous_0)
FN:7,(anonymous_1)
FNF:2
FNH:2
FNDA:11,(anonymous_0)
FNDA:22,(anonymous_1)
DA:5,3
DA:6,11
DA:8,22
DA:19,3
DA:23,3
LF:5
LH:5
BRDA:5,0,0,0
BRF:1
BRH:0
end_of_record
TN:
SF:src\components\TextInput\index.jsx
FN:4,(anonymous_0)
FNF:1
FNH:1
FNDA:11,(anonymous_0)
DA:4,2
DA:5,11
DA:16,2
LF:3
LH:3
BRF:0
BRH:0
end_of_record
TN:
SF:src\templates\Home\index.jsx
FN:8,(anonymous_0)
FN:15,(anonymous_1)
FN:21,(anonymous_2)
FN:26,(anonymous_3)
FN:30,(anonymous_4)
FN:38,(anonymous_5)
FN:45,(anonymous_6)
FNF:7
FNH:4
FNDA:12,(anonymous_0)
FNDA:6,(anonymous_1)
FNDA:3,(anonymous_2)
FNDA:3,(anonymous_3)
FNDA:0,(anonymous_4)
FNDA:0,(anonymous_5)
FNDA:0,(anonymous_6)
DA:8,2
DA:9,12
DA:10,11
DA:11,11
DA:12,11
DA:13,11
DA:15,11
DA:16,6
DA:17,5
DA:18,5
DA:21,11
DA:22,3
DA:23,3
DA:26,11
DA:27,3
DA:30,11
DA:31,0
DA:32,0
DA:33,0
DA:34,0
DA:35,0
DA:38,11
DA:39,0
DA:40,0
DA:43,11
DA:44,11
DA:46,0
DA:49,11
LF:28
LH:20
BRDA:44,0,0,0
BRDA:44,0,1,11
BRDA:52,1,0,11
BRDA:52,1,1,0
BRDA:55,2,0,11
BRDA:55,2,1,8
BRDA:56,3,0,11
BRDA:56,3,1,3
BRDA:58,4,0,11
BRDA:58,4,1,11
BRF:10
BRH:8
end_of_record
TN:
SF:src\templates\Home\indexAntigo.jsx
FNF:0
FNH:0
LF:0
LH:0
BRF:0
BRH:0
end_of_record
TN:
SF:src\utils\load-posts.js
FN:1,(anonymous_0)
FN:12,(anonymous_1)
FNF:2
FNH:2
FNDA:6,(anonymous_0)
FNDA:15,(anonymous_1)
DA:1,2
DA:2,6
DA:6,6
DA:8,6
DA:9,6
DA:10,6
DA:12,5
DA:13,15
DA:15,5
LF:9
LH:9
BRF:0
BRH:0
end_of_record
